[2024-07-28 14:13:08] local.INFO: array (
  '_token' => 'SWtjb2eqNRAEqzdcDoBf79lF6fZWIsRcvQ9fBLXp',
  'service_title' => 'Car Repair Services',
  'category_id' => '1',
  'subcategory_id' => '1',
  'price' => '150.00',
  'duration' => '15',
  'description' => 'this description',
  'additional_service_status' => 'on',
  'additional_service_title' => 
  array (
    0 => 'IT',
    1 => 'firebase',
  ),
  'additional_service_price' => 
  array (
    0 => '100.00',
    1 => '150',
  ),
  'additional_service_duration' => 
  array (
    0 => '2',
    1 => '3',
  ),
  'video_link' => NULL,
  'friday' => 
  array (
    0 => 
    array (
      'from' => '19:42',
    ),
    1 => 
    array (
      'to' => '20:43',
    ),
    2 => 
    array (
      'slots' => 'dfsf',
    ),
  ),
  'address' => '723 azad nagar indore',
  'country' => 'India',
  'city' => 'Indore',
  'state' => 'Madhya Pradesh',
  'pincode' => '452002',
  'google_maps_place_id' => '5434345',
  'latitude' => '22.1809880',
  'longitude' => '75.5560300',
  'meta_title' => 'arsh5',
  'meta_keywords' => 'arsh5',
  'meta_description' => 'arsh5 wow hey',
  'service_id' => '3',
)  
[2024-07-28 14:13:08] local.INFO: Service ID: 3  
[2024-07-28 14:13:08] local.INFO: Service updated: 3  
[2024-07-28 14:13:08] local.INFO: Existing slots: []  
[2024-07-28 14:17:42] local.INFO: array (
  '_token' => 'SWtjb2eqNRAEqzdcDoBf79lF6fZWIsRcvQ9fBLXp',
  'service_title' => 'Car Repair Services',
  'category_id' => '1',
  'subcategory_id' => '1',
  'price' => '150.00',
  'duration' => '15',
  'description' => 'this description',
  'additional_service_status' => 'on',
  'additional_service_title' => 
  array (
    0 => 'IT',
    1 => 'firebase',
  ),
  'additional_service_price' => 
  array (
    0 => '100.00',
    1 => '150.00',
  ),
  'additional_service_duration' => 
  array (
    0 => '2',
    1 => '3',
  ),
  'video_link' => NULL,
  'tuesday' => 
  array (
    0 => 
    array (
      'from' => '19:46',
    ),
    1 => 
    array (
      'to' => '20:48',
    ),
    2 => 
    array (
      'slots' => 'dfs',
    ),
  ),
  'wednesday' => 
  array (
    0 => 
    array (
      'from' => '20:47',
    ),
    1 => 
    array (
      'to' => '21:49',
    ),
    2 => 
    array (
      'slots' => 'sfdf',
    ),
  ),
  'thursday' => 
  array (
    0 => 
    array (
      'from' => '20:50',
    ),
    1 => 
    array (
      'to' => '23:50',
    ),
    2 => 
    array (
      'slots' => 'dgd',
    ),
  ),
  'address' => '723 azad nagar indore',
  'country' => 'India',
  'city' => 'Indore',
  'state' => 'Madhya Pradesh',
  'pincode' => '452002',
  'google_maps_place_id' => '5434345',
  'latitude' => '22.1809880',
  'longitude' => '75.5560300',
  'meta_title' => 'arsh5',
  'meta_keywords' => 'arsh5',
  'meta_description' => 'arsh5 wow hey',
  'service_id' => '3',
)  
[2024-07-28 14:17:42] local.INFO: Service ID: 3  
[2024-07-28 14:17:42] local.INFO: Service updated: 3  
[2024-07-28 14:17:42] local.INFO: Existing slots: []  
[2024-07-28 14:46:54] local.INFO: array (
  '_token' => 'SWtjb2eqNRAEqzdcDoBf79lF6fZWIsRcvQ9fBLXp',
  'service_title' => 'Car Repair Services',
  'category_id' => '1',
  'subcategory_id' => '1',
  'price' => '150.00',
  'duration' => '15',
  'description' => 'this description',
  'additional_service_status' => 'on',
  'additional_service_title' => 
  array (
    0 => 'IT',
    1 => 'firebase',
  ),
  'additional_service_price' => 
  array (
    0 => '100.00',
    1 => '150.00',
  ),
  'additional_service_duration' => 
  array (
    0 => '2',
    1 => '3',
  ),
  'video_link' => NULL,
  'wednesday' => 
  array (
    0 => 
    array (
      'from' => '20:16',
    ),
    1 => 
    array (
      'to' => '22:17',
    ),
    2 => 
    array (
      'slots' => 'dfs',
    ),
    3 => 
    array (
      'from' => '23:16',
    ),
    4 => 
    array (
      'to' => '00:20',
    ),
    5 => 
    array (
      'slots' => 'sdfsf',
    ),
  ),
  'address' => '723 azad nagar indore',
  'country' => 'India',
  'city' => 'Indore',
  'state' => 'Madhya Pradesh',
  'pincode' => '452002',
  'google_maps_place_id' => '5434345',
  'latitude' => '22.1809880',
  'longitude' => '75.5560300',
  'meta_title' => 'arsh5',
  'meta_keywords' => 'arsh5',
  'meta_description' => 'arsh5 wow hey',
  'service_id' => '3',
)  
[2024-07-28 14:46:54] local.INFO: Service ID: 3  
[2024-07-28 14:46:54] local.INFO: Service updated: 3  
[2024-07-28 14:51:46] local.INFO: array (
  '_token' => 'SWtjb2eqNRAEqzdcDoBf79lF6fZWIsRcvQ9fBLXp',
  'service_title' => 'sadadsada',
  'category_id' => '2',
  'subcategory_id' => '3',
  'price' => '1500.00',
  'duration' => '15',
  'description' => 'dsfsdfdsf',
  'additional_service_status' => 'on',
  'additional_service_title' => 
  array (
    0 => 'dfgdg',
  ),
  'additional_service_price' => 
  array (
    0 => '45.00',
  ),
  'additional_service_duration' => 
  array (
    0 => '2',
  ),
  'video_link' => 'dfsfdsfss',
  'monday' => 
  array (
    0 => 
    array (
      'from' => NULL,
    ),
    1 => 
    array (
      'to' => NULL,
    ),
    2 => 
    array (
      'slots' => NULL,
    ),
    3 => 
    array (
      'from' => '20:19:00',
    ),
    4 => 
    array (
      'to' => '20:25:00',
    ),
    5 => 
    array (
      'slots' => 'sdfss',
    ),
    6 => 
    array (
      'from' => '20:26:00',
    ),
    7 => 
    array (
      'to' => '21:20:00',
    ),
    8 => 
    array (
      'slots' => 'sdfs',
    ),
  ),
  'thursday' => 
  array (
    0 => 
    array (
      'from' => NULL,
    ),
    1 => 
    array (
      'to' => NULL,
    ),
    2 => 
    array (
      'slots' => NULL,
    ),
    3 => 
    array (
      'from' => '20:20:00',
    ),
    4 => 
    array (
      'to' => '23:23:00',
    ),
    5 => 
    array (
      'slots' => 'dfgvfg',
    ),
  ),
  'saturday' => 
  array (
    0 => 
    array (
      'from' => '10:00',
    ),
    1 => 
    array (
      'to' => '21:04',
    ),
    2 => 
    array (
      'slots' => 'fsfs',
    ),
  ),
  'address' => '722 azad nagar indore',
  'country' => 'India',
  'city' => 'Indore',
  'state' => 'Madhya Pradesh',
  'pincode' => '452001',
  'google_maps_place_id' => '654646',
  'latitude' => '22.1809880',
  'longitude' => '75.5560300',
  'meta_title' => 'sfsae',
  'meta_keywords' => 'sdtfsrtfrfe',
  'meta_description' => 'sdfsf',
  'service_id' => '14',
)  
[2024-07-28 14:51:46] local.INFO: Service ID: 14  
[2024-07-28 14:51:46] local.INFO: Service updated: 14  
[2024-07-28 14:51:46] local.INFO: Existing slots: {"Monday":[{"id":6,"provider_id":"46","service_id":14,"day":"Monday","from":"20:19:00","to":"20:25:00","slots":"sdfss","created_at":"2024-07-28T14:50:56.000000Z","updated_at":"2024-07-28T14:50:56.000000Z"},{"id":7,"provider_id":"46","service_id":14,"day":"Monday","from":"20:26:00","to":"21:20:00","slots":"sdfs","created_at":"2024-07-28T14:50:56.000000Z","updated_at":"2024-07-28T14:50:56.000000Z"}],"Thursday":[{"id":8,"provider_id":"46","service_id":14,"day":"Thursday","from":"20:20:00","to":"23:23:00","slots":"dfgvfg","created_at":"2024-07-28T14:50:56.000000Z","updated_at":"2024-07-28T14:50:56.000000Z"}]}  
[2024-07-28 14:55:30] local.INFO: array (
  '_token' => 'SWtjb2eqNRAEqzdcDoBf79lF6fZWIsRcvQ9fBLXp',
  'service_title' => 'sadadsada',
  'category_id' => '2',
  'subcategory_id' => '3',
  'price' => '1500.00',
  'duration' => '15',
  'description' => 'dsfsdfdsf',
  'additional_service_status' => 'on',
  'additional_service_title' => 
  array (
    0 => 'dfgdg',
  ),
  'additional_service_price' => 
  array (
    0 => '45.00',
  ),
  'additional_service_duration' => 
  array (
    0 => '2',
  ),
  'video_link' => 'dfsfdsfss',
  'address' => 'azad nagar indore',
  'country' => 'India',
  'city' => 'Indore',
  'state' => 'Madhya Pradesh',
  'pincode' => '452001',
  'google_maps_place_id' => '654646',
  'latitude' => '22.1809880',
  'longitude' => '75.5560300',
  'meta_title' => 'sfsae',
  'meta_keywords' => 'sdtfsrtfrfe',
  'meta_description' => 'sdfsf',
  'service_id' => '14',
)  
[2024-07-28 14:55:30] local.INFO: Service ID: 14  
[2024-07-28 14:55:30] local.INFO: Service updated: 14  
[2024-07-28 14:55:30] local.INFO: Existing slots: {"Monday":[{"id":6,"provider_id":"46","service_id":14,"day":"Monday","from":"20:19:00","to":"20:25:00","slots":"sdfss","created_at":"2024-07-28T14:50:56.000000Z","updated_at":"2024-07-28T14:50:56.000000Z"},{"id":7,"provider_id":"46","service_id":14,"day":"Monday","from":"20:26:00","to":"21:20:00","slots":"sdfs","created_at":"2024-07-28T14:50:56.000000Z","updated_at":"2024-07-28T14:50:56.000000Z"}],"Thursday":[{"id":8,"provider_id":"46","service_id":14,"day":"Thursday","from":"20:20:00","to":"23:23:00","slots":"dfgvfg","created_at":"2024-07-28T14:50:56.000000Z","updated_at":"2024-07-28T14:50:56.000000Z"}]}  
[2024-07-28 15:17:56] local.INFO: array (
  '_token' => 'SWtjb2eqNRAEqzdcDoBf79lF6fZWIsRcvQ9fBLXp',
  'service_title' => 'Car Repair Services',
  'category_id' => '1',
  'subcategory_id' => '1',
  'price' => '150.00',
  'duration' => '15',
  'description' => 'this description',
  'additional_service_status' => 'on',
  'additional_service_title' => 
  array (
    0 => 'IT',
    1 => 'firebase',
  ),
  'additional_service_price' => 
  array (
    0 => '100.00',
    1 => '150.00',
  ),
  'additional_service_duration' => 
  array (
    0 => '2',
    1 => '3',
  ),
  'video_link' => NULL,
  'wednesday' => 
  array (
    0 => 
    array (
      'from' => '20:47',
    ),
    1 => 
    array (
      'to' => '21:47',
    ),
    2 => 
    array (
      'slots' => 'sada',
    ),
  ),
  'address' => '723 azad nagar indore',
  'country' => 'India',
  'city' => 'Indore',
  'state' => 'Madhya Pradesh',
  'pincode' => '452002',
  'google_maps_place_id' => '5434345',
  'latitude' => '22.1809880',
  'longitude' => '75.5560300',
  'meta_title' => 'arsh5',
  'meta_keywords' => 'arsh5',
  'meta_description' => 'arsh5 wow hey',
  'service_id' => '3',
)  
[2024-07-28 15:22:08] local.INFO: array (
  '_token' => 'SWtjb2eqNRAEqzdcDoBf79lF6fZWIsRcvQ9fBLXp',
  'service_title' => 'Car Repair Services',
  'category_id' => '1',
  'subcategory_id' => '1',
  'price' => '150.00',
  'duration' => '15',
  'description' => 'this description',
  'additional_service_status' => 'on',
  'additional_service_title' => 
  array (
    0 => 'IT',
    1 => 'firebase',
  ),
  'additional_service_price' => 
  array (
    0 => '100.00',
    1 => '150.00',
  ),
  'additional_service_duration' => 
  array (
    0 => '2',
    1 => '3',
  ),
  'video_link' => NULL,
  'tuesday' => 
  array (
    0 => 
    array (
      'from' => '20:51',
    ),
    1 => 
    array (
      'to' => '21:52',
    ),
    2 => 
    array (
      'slots' => 'test',
    ),
  ),
  'address' => '723 azad nagar indore',
  'country' => 'India',
  'city' => 'Indore',
  'state' => 'Madhya Pradesh',
  'pincode' => '452002',
  'google_maps_place_id' => '5434345',
  'latitude' => '22.1809880',
  'longitude' => '75.5560300',
  'meta_title' => 'arsh5',
  'meta_keywords' => 'arsh5',
  'meta_description' => 'arsh5 wow hey',
  'service_id' => '3',
)  
[2024-07-28 15:22:08] local.INFO: Service ID: 3  
[2024-07-28 15:22:08] local.INFO: Service updated: 3  
[2024-07-28 15:23:00] local.INFO: array (
  '_token' => 'SWtjb2eqNRAEqzdcDoBf79lF6fZWIsRcvQ9fBLXp',
  'service_title' => 'Car Repair Services',
  'category_id' => '1',
  'subcategory_id' => '1',
  'price' => '150.00',
  'duration' => '15',
  'description' => 'this description',
  'additional_service_status' => 'on',
  'additional_service_title' => 
  array (
    0 => 'IT',
    1 => 'firebase',
  ),
  'additional_service_price' => 
  array (
    0 => '100.00',
    1 => '150.00',
  ),
  'additional_service_duration' => 
  array (
    0 => '2',
    1 => '3',
  ),
  'video_link' => NULL,
  'tuesday' => 
  array (
    0 => 
    array (
      'from' => NULL,
    ),
    1 => 
    array (
      'to' => NULL,
    ),
    2 => 
    array (
      'slots' => NULL,
    ),
    3 => 
    array (
      'from' => '20:51:00',
    ),
    4 => 
    array (
      'to' => '21:52:00',
    ),
    5 => 
    array (
      'slots' => 'test',
    ),
  ),
  'friday' => 
  array (
    0 => 
    array (
      'from' => '10:00',
    ),
    1 => 
    array (
      'to' => '13:00',
    ),
    2 => 
    array (
      'slots' => 'salah',
    ),
  ),
  'address' => '723 azad nagar indore',
  'country' => 'India',
  'city' => 'Indore',
  'state' => 'Madhya Pradesh',
  'pincode' => '452002',
  'google_maps_place_id' => '5434345',
  'latitude' => '22.1809880',
  'longitude' => '75.5560300',
  'meta_title' => 'arsh5',
  'meta_keywords' => 'arsh5',
  'meta_description' => 'arsh5 wow hey',
  'service_id' => '3',
)  
[2024-07-28 15:23:00] local.INFO: Service ID: 3  
[2024-07-28 15:23:00] local.INFO: Service updated: 3  
